[debug] [2026-06-27T13:11:33.211Z] ----------------------------------------------------------------------
[debug] [2026-06-27T13:11:33.213Z] Command:       C:\Program Files\nodejs\node.exe C:\Users\CHIRANJEEVI\AppData\Roaming\npm\node_modules\firebase-tools\lib\bin\firebase.js init
[debug] [2026-06-27T13:11:33.213Z] CLI Version:   15.22.3
[debug] [2026-06-27T13:11:33.213Z] Platform:      win32
[debug] [2026-06-27T13:11:33.213Z] Node Version:  v24.16.0
[debug] [2026-06-27T13:11:33.213Z] Detected Agent: unknown
[debug] [2026-06-27T13:11:33.214Z] Time:          Sat Jun 27 2026 18:41:33 GMT+0530 (India Standard Time)
[debug] [2026-06-27T13:11:33.214Z] ----------------------------------------------------------------------
[debug] 
[info] 
     ######## #### ########  ######## ########     ###     ######  ########
     ##        ##  ##     ## ##       ##     ##  ##   ##  ##       ##
     ######    ##  ########  ######   ########  #########  ######  ######
     ##        ##  ##    ##  ##       ##     ## ##     ##       ## ##
     ##       #### ##     ## ######## ########  ##     ##  ######  ########

You're about to initialize a Firebase project in this directory:

  C:\Users\CHIRANJEEVI\Desktop\dock-vault

Before we get started, keep in mind:

  * You are initializing within an existing Firebase project directory

[info] 
=== Project Setup
[info] 
[info] First, let's associate this project directory with a Firebase project.
[info] You can create multiple project aliases by running firebase use --add, 
[info] 
[debug] [2026-06-27T13:12:26.056Z] > command requires scopes: ["email","openid","https://www.googleapis.com/auth/cloudplatformprojects.readonly","https://www.googleapis.com/auth/firebase","https://www.googleapis.com/auth/cloud-platform"]
[debug] [2026-06-27T13:12:26.057Z] > authorizing via signed-in user (studypurposeofcj@gmail.com)
[debug] [2026-06-27T13:12:26.059Z] Checked if tokens are valid: true, expires at: 1782569402730
[debug] [2026-06-27T13:12:26.060Z] Checked if tokens are valid: true, expires at: 1782569402730
[debug] [2026-06-27T13:12:26.062Z] >>> [apiv2][query] GET https://firebase.googleapis.com/v1beta1/projects/your-firebase-project-id [none]
[debug] [2026-06-27T13:12:26.917Z] <<< [apiv2][status] GET https://firebase.googleapis.com/v1beta1/projects/your-firebase-project-id 403
[debug] [2026-06-27T13:12:26.917Z] <<< [apiv2][body] GET https://firebase.googleapis.com/v1beta1/projects/your-firebase-project-id {"error":{"code":403,"message":"The caller does not have permission","status":"PERMISSION_DENIED"}}
[debug] [2026-06-27T13:12:26.918Z] Request to https://firebase.googleapis.com/v1beta1/projects/your-firebase-project-id had HTTP Error: 403, The caller does not have permission
[debug] [2026-06-27T13:12:27.147Z] FirebaseError: Request to https://firebase.googleapis.com/v1beta1/projects/your-firebase-project-id had HTTP Error: 403, The caller does not have permission
    at responseToError (C:\Users\CHIRANJEEVI\AppData\Roaming\npm\node_modules\firebase-tools\lib\responseToError.js:53:12)
    at RetryOperation._fn (C:\Users\CHIRANJEEVI\AppData\Roaming\npm\node_modules\firebase-tools\lib\apiv2.js:381:77)
    at process.processTicksAndRejections (node:internal/process/task_queues:104:5)
[error] 
[error] Error: Failed to get Firebase project your-firebase-project-id. Please make sure the project exists and your account has permission to access it.
[debug] [2026-06-27T13:13:07.479Z] ----------------------------------------------------------------------
[debug] [2026-06-27T13:13:07.483Z] Command:       C:\Program Files\nodejs\node.exe C:\Users\CHIRANJEEVI\AppData\Roaming\npm\node_modules\firebase-tools\lib\bin\firebase.js init hosting
[debug] [2026-06-27T13:13:07.484Z] CLI Version:   15.22.3
[debug] [2026-06-27T13:13:07.484Z] Platform:      win32
[debug] [2026-06-27T13:13:07.484Z] Node Version:  v24.16.0
[debug] [2026-06-27T13:13:07.484Z] Detected Agent: unknown
[debug] [2026-06-27T13:13:07.484Z] Time:          Sat Jun 27 2026 18:43:07 GMT+0530 (India Standard Time)
[debug] [2026-06-27T13:13:07.484Z] ----------------------------------------------------------------------
[debug] 
[info] 
     ######## #### ########  ######## ########     ###     ######  ########
     ##        ##  ##     ## ##       ##     ##  ##   ##  ##       ##
     ######    ##  ########  ######   ########  #########  ######  ######
     ##        ##  ##    ##  ##       ##     ## ##     ##       ## ##
     ##       #### ##     ## ######## ########  ##     ##  ######  ########

You're about to initialize a Firebase project in this directory:

  C:\Users\CHIRANJEEVI\Desktop\dock-vault

Before we get started, keep in mind:

  * You are initializing within an existing Firebase project directory

[info] 
=== Project Setup
[info] 
[info] First, let's associate this project directory with a Firebase project.
[info] You can create multiple project aliases by running firebase use --add, 
[info] 
[debug] [2026-06-27T13:13:10.953Z] > command requires scopes: ["email","openid","https://www.googleapis.com/auth/cloudplatformprojects.readonly","https://www.googleapis.com/auth/firebase","https://www.googleapis.com/auth/cloud-platform"]
[debug] [2026-06-27T13:13:10.953Z] > authorizing via signed-in user (studypurposeofcj@gmail.com)
[debug] [2026-06-27T13:13:10.956Z] Checked if tokens are valid: true, expires at: 1782569402730
[debug] [2026-06-27T13:13:10.956Z] Checked if tokens are valid: true, expires at: 1782569402730
[debug] [2026-06-27T13:13:10.958Z] >>> [apiv2][query] GET https://firebase.googleapis.com/v1beta1/projects/your-firebase-project-id [none]
[debug] [2026-06-27T13:13:11.909Z] <<< [apiv2][status] GET https://firebase.googleapis.com/v1beta1/projects/your-firebase-project-id 403
[debug] [2026-06-27T13:13:11.909Z] <<< [apiv2][body] GET https://firebase.googleapis.com/v1beta1/projects/your-firebase-project-id {"error":{"code":403,"message":"The caller does not have permission","status":"PERMISSION_DENIED"}}
[debug] [2026-06-27T13:13:11.910Z] Request to https://firebase.googleapis.com/v1beta1/projects/your-firebase-project-id had HTTP Error: 403, The caller does not have permission
[debug] [2026-06-27T13:13:12.139Z] FirebaseError: Request to https://firebase.googleapis.com/v1beta1/projects/your-firebase-project-id had HTTP Error: 403, The caller does not have permission
    at responseToError (C:\Users\CHIRANJEEVI\AppData\Roaming\npm\node_modules\firebase-tools\lib\responseToError.js:53:12)
    at RetryOperation._fn (C:\Users\CHIRANJEEVI\AppData\Roaming\npm\node_modules\firebase-tools\lib\apiv2.js:381:77)
    at process.processTicksAndRejections (node:internal/process/task_queues:104:5)
[error] 
[error] Error: Failed to get Firebase project your-firebase-project-id. Please make sure the project exists and your account has permission to access it.
