[debug] [2026-06-27T11:25:36.947Z] ----------------------------------------------------------------------
[debug] [2026-06-27T11:25:36.950Z] Command:       C:\Program Files\nodejs\node.exe C:\Users\CHIRANJEEVI\AppData\Roaming\npm\node_modules\firebase-tools\lib\bin\firebase.js init
[debug] [2026-06-27T11:25:36.950Z] CLI Version:   15.22.3
[debug] [2026-06-27T11:25:36.950Z] Platform:      win32
[debug] [2026-06-27T11:25:36.950Z] Node Version:  v24.16.0
[debug] [2026-06-27T11:25:36.950Z] Detected Agent: unknown
[debug] [2026-06-27T11:25:36.951Z] Time:          Sat Jun 27 2026 16:55:36 GMT+0530 (India Standard Time)
[debug] [2026-06-27T11:25:36.951Z] ----------------------------------------------------------------------
[debug] 
[debug] [2026-06-27T11:25:36.955Z] >>> [apiv2][query] GET https://firebase-public.firebaseio.com/cli.json [none]
[info] 
     ######## #### ########  ######## ########     ###     ######  ########
     ##        ##  ##     ## ##       ##     ##  ##   ##  ##       ##
     ######    ##  ########  ######   ########  #########  ######  ######
     ##        ##  ##    ##  ##       ##     ## ##     ##       ## ##
     ##       #### ##     ## ######## ########  ##     ##  ######  ########

You're about to initialize a Firebase project in this directory:

  C:\Users\CHIRANJEEVI\Desktop\dock-vault\dockvault

Before we get started, keep in mind:

  * You are initializing within an existing Firebase project directory

[debug] [2026-06-27T11:25:40.818Z] <<< [apiv2][status] GET https://firebase-public.firebaseio.com/cli.json 200
[debug] [2026-06-27T11:25:40.818Z] <<< [apiv2][body] GET https://firebase-public.firebaseio.com/cli.json {"cloudBuildErrorAfter":1594252800000,"cloudBuildWarnAfter":1590019200000,"defaultNode10After":1594252800000,"minVersion":"3.0.5","node8DeploysDisabledAfter":1613390400000,"node8RuntimeDisabledAfter":1615809600000,"node8WarnAfter":1600128000000}
